Using pre-set license
Built from '2022.3/staging' branch; Version is '2022.3.35f1 (011206c7a712) revision 70150'; Using compiler version '192829333'; Build Type 'Release'
OS: 'Windows 10  (10.0.19045) 64bit Professional' Language: 'en' Physical Memory: 49068 MB
BatchMode: 1, IsHumanControllingUs: 0, StartBugReporterOnCrash: 0, Is64bit: 1, IsPro: 1

COMMAND LINE ARGUMENTS:
E:\Program Files\2022.3.35f1\Editor\Unity.exe
-adb2
-batchMode
-noUpm
-name
AssetImportWorker1
-projectPath
K:/Randy/Terrain_Contour_HDRP_2022_3_35
-logFile
Logs/AssetImportWorker1.log
-srvPort
49899
Successfully changed project path to: K:/Randy/Terrain_Contour_HDRP_2022_3_35
K:/Randy/Terrain_Contour_HDRP_2022_3_35
[UnityMemory] Configuration Parameters - Can be set up in boot.config
    "memorysetup-bucket-allocator-granularity=16"
    "memorysetup-bucket-allocator-bucket-count=8"
    "memorysetup-bucket-allocator-block-size=33554432"
    "memorysetup-bucket-allocator-block-count=8"
    "memorysetup-main-allocator-block-size=16777216"
    "memorysetup-thread-allocator-block-size=16777216"
    "memorysetup-gfx-main-allocator-block-size=16777216"
    "memorysetup-gfx-thread-allocator-block-size=16777216"
    "memorysetup-cache-allocator-block-size=4194304"
    "memorysetup-typetree-allocator-block-size=2097152"
    "memorysetup-profiler-bucket-allocator-granularity=16"
    "memorysetup-profiler-bucket-allocator-bucket-count=8"
    "memorysetup-profiler-bucket-allocator-block-size=33554432"
    "memorysetup-profiler-bucket-allocator-block-count=8"
    "memorysetup-profiler-allocator-block-size=16777216"
    "memorysetup-profiler-editor-allocator-block-size=1048576"
    "memorysetup-temp-allocator-size-main=16777216"
    "memorysetup-job-temp-allocator-block-size=2097152"
    "memorysetup-job-temp-allocator-block-size-background=1048576"
    "memorysetup-job-temp-allocator-reduction-small-platforms=262144"
    "memorysetup-allocator-temp-initial-block-size-main=262144"
    "memorysetup-allocator-temp-initial-block-size-worker=262144"
    "memorysetup-temp-allocator-size-background-worker=32768"
    "memorysetup-temp-allocator-size-job-worker=262144"
    "memorysetup-temp-allocator-size-preload-manager=33554432"
    "memorysetup-temp-allocator-size-nav-mesh-worker=65536"
    "memorysetup-temp-allocator-size-audio-worker=65536"
    "memorysetup-temp-allocator-size-cloud-worker=32768"
    "memorysetup-temp-allocator-size-gi-baking-worker=262144"
    "memorysetup-temp-allocator-size-gfx=262144"
Player connection [17832] Host "[IP] 100.126.21.253 [Port] 0 [Flags] 2 [Guid] 3498483064 [EditorId] 3498483064 [Version] 1048832 [Id] WindowsEditor(7,Home-Desk-Top) [Debug] 1 [PackageName] WindowsEditor [ProjectName] Editor" joined multi-casting on [225.0.0.222:54997]...

Player connection [17832] Host "[IP] 100.126.21.253 [Port] 0 [Flags] 2 [Guid] 3498483064 [EditorId] 3498483064 [Version] 1048832 [Id] WindowsEditor(7,Home-Desk-Top) [Debug] 1 [PackageName] WindowsEditor [ProjectName] Editor" joined alternative multi-casting on [225.0.0.222:34997]...

[PhysX] Initialized MultithreadedTaskDispatcher with 16 workers.
Refreshing native plugins compatible for Editor in 9.50 ms, found 1 plugins.
Preloading 0 native plugins for Editor in 0.00 ms.
Initialize engine version: 2022.3.35f1 (011206c7a712)
[Subsystems] Discovering subsystems at path E:/Program Files/2022.3.35f1/Editor/Data/Resources/UnitySubsystems
[Subsystems] Discovering subsystems at path K:/Randy/Terrain_Contour_HDRP_2022_3_35/Assets
GfxDevice: creating device client; threaded=0; jobified=0
Direct3D:
    Version:  Direct3D 11.0 [level 11.1]
    Renderer: NVIDIA GeForce RTX 2070 (ID=0x1f02)
    Vendor:   NVIDIA
    VRAM:     8006 MB
    Driver:   32.0.15.5599
Shader 'AmplifyShaderPack/Terrain/Simple': fallback shader 'Off' not found
Shader 'AmplifyShaderPack/Terrain/Simple': dependency 'BaseMapShader' shader 'Hidden/AmplifyShaderPack/Terrain/Simple BasePass' not found
Shader 'AmplifyShaderPack/Terrain/Simple': dependency 'BaseMapShader' shader 'Hidden/AmplifyShaderPack/Terrain/Simple BasePass' not found
Initialize mono
Mono path[0] = 'E:/Program Files/2022.3.35f1/Editor/Data/Managed'
Mono path[1] = 'E:/Program Files/2022.3.35f1/Editor/Data/MonoBleedingEdge/lib/mono/unityjit-win32'
Mono config path = 'E:/Program Files/2022.3.35f1/Editor/Data/MonoBleedingEdge/etc'
Using monoOptions --debugger-agent=transport=dt_socket,embedding=1,server=y,suspend=n,address=127.0.0.1:56320
Begin MonoManager ReloadAssembly
Registering precompiled unity dll's ...
Register platform support module: E:/Program Files/2022.3.35f1/Editor/Data/PlaybackEngines/WindowsStandaloneSupport/UnityEditor.WindowsStandalone.Extensions.dll
Registered in 0.005343 seconds.
- Loaded All Assemblies, in  0.494 seconds
Native extension for WindowsStandalone target not found
Mono: successfully reloaded assembly
- Finished resetting the current domain, in  0.368 seconds
Domain Reload Profiling: 862ms
	BeginReloadAssembly (186ms)
		ExecutionOrderSort (0ms)
		DisableScriptedObjects (0ms)
		BackupInstance (0ms)
		ReleaseScriptingObjects (0ms)
		CreateAndSetChildDomain (1ms)
	RebuildCommonClasses (43ms)
	RebuildNativeTypeToScriptingClass (12ms)
	initialDomainReloadingComplete (76ms)
	LoadAllAssembliesAndSetupDomain (176ms)
		LoadAssemblies (185ms)
		RebuildTransferFunctionScriptingTraits (0ms)
		AnalyzeDomain (172ms)
			TypeCache.Refresh (171ms)
				TypeCache.ScanAssembly (153ms)
			ScanForSourceGeneratedMonoScriptInfo (0ms)
			ResolveRequiredComponents (1ms)
	FinalizeReload (369ms)
		ReleaseScriptCaches (0ms)
		RebuildScriptCaches (0ms)
		SetupLoadedEditorAssemblies (298ms)
			LogAssemblyErrors (0ms)
			InitializePlatformSupportModulesInManaged (10ms)
			SetLoadedEditorAssemblies (8ms)
			RefreshPlugins (0ms)
			BeforeProcessingInitializeOnLoad (2ms)
			ProcessInitializeOnLoadAttributes (191ms)
			ProcessInitializeOnLoadMethodAttributes (86ms)
			AfterProcessingInitializeOnLoad (0ms)
			EditorAssembliesLoaded (0ms)
		ExecutionOrderSort2 (0ms)
		AwakeInstancesAfterBackupRestoration (0ms)
========================================================================
Worker process is ready to serve import requests
Begin MonoManager ReloadAssembly
- Loaded All Assemblies, in  0.998 seconds
Refreshing native plugins compatible for Editor in 4.83 ms, found 1 plugins.
Native extension for WindowsStandalone target not found
Mono: successfully reloaded assembly
- Finished resetting the current domain, in  1.337 seconds
Domain Reload Profiling: 2338ms
	BeginReloadAssembly (250ms)
		ExecutionOrderSort (0ms)
		DisableScriptedObjects (10ms)
		BackupInstance (0ms)
		ReleaseScriptingObjects (0ms)
		CreateAndSetChildDomain (36ms)
	RebuildCommonClasses (41ms)
	RebuildNativeTypeToScriptingClass (17ms)
	initialDomainReloadingComplete (49ms)
	LoadAllAssembliesAndSetupDomain (643ms)
		LoadAssemblies (424ms)
		RebuildTransferFunctionScriptingTraits (0ms)
		AnalyzeDomain (369ms)
			TypeCache.Refresh (311ms)
				TypeCache.ScanAssembly (283ms)
			ScanForSourceGeneratedMonoScriptInfo (37ms)
			ResolveRequiredComponents (18ms)
	FinalizeReload (1339ms)
		ReleaseScriptCaches (0ms)
		RebuildScriptCaches (0ms)
		SetupLoadedEditorAssemblies (853ms)
			LogAssemblyErrors (0ms)
			InitializePlatformSupportModulesInManaged (15ms)
			SetLoadedEditorAssemblies (8ms)
			RefreshPlugins (0ms)
			BeforeProcessingInitializeOnLoad (201ms)
			ProcessInitializeOnLoadAttributes (371ms)
			ProcessInitializeOnLoadMethodAttributes (255ms)
			AfterProcessingInitializeOnLoad (3ms)
			EditorAssembliesLoaded (0ms)
		ExecutionOrderSort2 (0ms)
		AwakeInstancesAfterBackupRestoration (12ms)
Shader 'AmplifyShaderPack/Terrain/Simple': fallback shader 'Off' not found
Shader 'AmplifyShaderPack/Terrain/Simple': dependency 'BaseMapShader' shader 'Hidden/AmplifyShaderPack/Terrain/Simple BasePass' not found
Shader 'AmplifyShaderPack/Terrain/Simple': dependency 'BaseMapShader' shader 'Hidden/AmplifyShaderPack/Terrain/Simple BasePass' not found
Launched and connected shader compiler UnityShaderCompiler.exe after 0.24 seconds
Refreshing native plugins compatible for Editor in 68.42 ms, found 1 plugins.
Preloading 0 native plugins for Editor in 0.00 ms.
Unloading 5444 Unused Serialized files (Serialized files now loaded: 0)
Unloading 84 unused Assets / (3.6 MB). Loaded Objects now: 5912.
Memory consumption went from 270.0 MB to 266.4 MB.
Total: 7.446300 ms (FindLiveObjects: 0.674200 ms CreateObjectMapping: 0.735400 ms MarkObjects: 4.772200 ms  DeleteObjects: 1.263200 ms)

AssetImportParameters requested are different than current active one (requested -> active):
  custom:container-demuxer-ogg: 62fdf1f143b41e24485cea50d1cbac27 -> 
  custom:video-decoder-ogg-theora: a1e56fd34408186e4bbccfd4996cb3dc -> 
  custom:framework-win-MediaFoundation: 216162199b28c13a410421893ffa2e32 -> 
  custom:CustomObjectIndexerAttribute: 9a22284fe3817be447336de3de66b15e -> 
  custom:container-demuxer-webm: 4f35f7cbe854078d1ac9338744f61a02 -> 
  custom:container-muxer-webm: aa71ff27fc2769a1b78a27578f13a17b -> 
  custom:video-decoder-webm-vp8: 9c59270c3fd7afecdb556c50c9e8de78 -> 
  custom:SearchIndexIgnoredProperties: e643bd26f0fe6173181afceb89e7c659 -> 
  custom:AudioImporter_EditorPlatform: d09bf68614088b80899f8185d706f6e7 -> 
  custom:video-encoder-webm-vp8: eb34c28f22e8b96e1ab97ce403110664 -> 
  custom:audio-decoder-ogg-vorbis: bf7c407c2cedff20999df2af8eb42d56 -> 
  custom:audio-encoder-webm-vorbis: bf7c407c2cedff20999df2af8eb42d56 -> 
========================================================================
Received Import Request.
  Time since last request: 727738.476784 seconds.
  path: Assets/Grandpa3D/Scripts/BackupFrameBufferPass.cs
  artifactKey: Guid(1e5179506d89906469ad1c4da96c171f) Importer(815301076,1909f56bfc062723c751e8b465ee728b)
Start importing Assets/Grandpa3D/Scripts/BackupFrameBufferPass.cs using Guid(1e5179506d89906469ad1c4da96c171f) Importer(815301076,1909f56bfc062723c751e8b465ee728b) [PhysX] Initialized MultithreadedTaskDispatcher with 16 workers.
 -> (artifact id: '9aa33062061baa25b3078ce965b099d4') in 0.003214 seconds
Number of updated asset objects reloaded before import = 0
Number of asset objects unloaded after import = 0
========================================================================
Received Import Request.
  Time since last request: 1434.455872 seconds.
  path: Assets/Grandpa3D/Scripts/BackupFrameBufferPass.cs
  artifactKey: Guid(1e5179506d89906469ad1c4da96c171f) Importer(2089858483,0ecaa5967403d082aa24f35e1b516d23)
Start importing Assets/Grandpa3D/Scripts/BackupFrameBufferPass.cs using Guid(1e5179506d89906469ad1c4da96c171f) Importer(2089858483,0ecaa5967403d082aa24f35e1b516d23) [PhysX] Initialized MultithreadedTaskDispatcher with 16 workers.
 -> (artifact id: '3707b5302b6244387054df9b32133401') in 0.098256 seconds
Number of updated asset objects reloaded before import = 0
Number of asset objects unloaded after import = 1
========================================================================
Received Import Request.
  Time since last request: 0.000170 seconds.
  path: Assets/Grandpa3D/Shaders/ASE/Functions/Terrain 8 Layer.asset
  artifactKey: Guid(08d11189af276e64bad87e6cdb726c83) Importer(2089858483,0ecaa5967403d082aa24f35e1b516d23)
Start importing Assets/Grandpa3D/Shaders/ASE/Functions/Terrain 8 Layer.asset using Guid(08d11189af276e64bad87e6cdb726c83) Importer(2089858483,0ecaa5967403d082aa24f35e1b516d23) [PhysX] Initialized MultithreadedTaskDispatcher with 16 workers.
 -> (artifact id: '434acae969818e60ad4a4bc9b36988ec') in 0.012741 seconds
Number of updated asset objects reloaded before import = 0
Number of asset objects unloaded after import = 1
========================================================================
Received Import Request.
  Time since last request: 0.000291 seconds.
  path: Assets/Grandpa3D/Shaders/ASE/Terrain Alternating Colors Indexed Unlit.shader
  artifactKey: Guid(cc43176f524a7924199d28ac3d30943d) Importer(2089858483,0ecaa5967403d082aa24f35e1b516d23)
Start importing Assets/Grandpa3D/Shaders/ASE/Terrain Alternating Colors Indexed Unlit.shader using Guid(cc43176f524a7924199d28ac3d30943d) Importer(2089858483,0ecaa5967403d082aa24f35e1b516d23) [PhysX] Initialized MultithreadedTaskDispatcher with 16 workers.
 -> (artifact id: '7e714192cc6ca33d3350578b4c5c2f9d') in 0.032535 seconds
Number of updated asset objects reloaded before import = 0
Number of asset objects unloaded after import = 1
========================================================================
Received Import Request.
  Time since last request: 0.000278 seconds.
  path: Assets/Grandpa3D/Shaders/ASE/Functions/Even or Odd.asset
  artifactKey: Guid(64b4bb812cb2ef24d8ee6d4d2f8eb76f) Importer(2089858483,0ecaa5967403d082aa24f35e1b516d23)
Start importing Assets/Grandpa3D/Shaders/ASE/Functions/Even or Odd.asset using Guid(64b4bb812cb2ef24d8ee6d4d2f8eb76f) Importer(2089858483,0ecaa5967403d082aa24f35e1b516d23) [PhysX] Initialized MultithreadedTaskDispatcher with 16 workers.
 -> (artifact id: '3cb49e346711d94c5d69859f979b2920') in 0.031197 seconds
Number of updated asset objects reloaded before import = 0
Number of asset objects unloaded after import = 1
========================================================================
Received Import Request.
  Time since last request: 0.000442 seconds.
  path: Assets/Grandpa3D/Shaders/Outline RT.mat
  artifactKey: Guid(5bdcc99886337694aa2f02b21ff0db9a) Importer(2089858483,0ecaa5967403d082aa24f35e1b516d23)
Start importing Assets/Grandpa3D/Shaders/Outline RT.mat using Guid(5bdcc99886337694aa2f02b21ff0db9a) Importer(2089858483,0ecaa5967403d082aa24f35e1b516d23) [PhysX] Initialized MultithreadedTaskDispatcher with 16 workers.
 -> (artifact id: '3adc1102c4bbcad026f561b067976f81') in 0.083604 seconds
Number of updated asset objects reloaded before import = 0
Number of asset objects unloaded after import = 2
========================================================================
Received Import Request.
  Time since last request: 0.000405 seconds.
  path: Assets/Grandpa3D/Settings/HDRP High Fidelity.asset
  artifactKey: Guid(36dd385e759c96147b6463dcd1149c11) Importer(2089858483,0ecaa5967403d082aa24f35e1b516d23)
Start importing Assets/Grandpa3D/Settings/HDRP High Fidelity.asset using Guid(36dd385e759c96147b6463dcd1149c11) Importer(2089858483,0ecaa5967403d082aa24f35e1b516d23) [PhysX] Initialized MultithreadedTaskDispatcher with 16 workers.
 -> (artifact id: '6b08f028caf1db0913de15142e16c268') in 0.079051 seconds
Number of updated asset objects reloaded before import = 0
Number of asset objects unloaded after import = 1
========================================================================
Received Import Request.
  Time since last request: 0.000376 seconds.
  path: Assets/Grandpa3D/Shaders/Includes/Math.cginc
  artifactKey: Guid(7709b1dbdafd13949af9cf0dc7f3fa9f) Importer(2089858483,0ecaa5967403d082aa24f35e1b516d23)
Start importing Assets/Grandpa3D/Shaders/Includes/Math.cginc using Guid(7709b1dbdafd13949af9cf0dc7f3fa9f) Importer(2089858483,0ecaa5967403d082aa24f35e1b516d23) [PhysX] Initialized MultithreadedTaskDispatcher with 16 workers.
 -> (artifact id: 'bda3dfb42c133f312d01f998987a1f79') in 0.099664 seconds
Number of updated asset objects reloaded before import = 0
Number of asset objects unloaded after import = 1
========================================================================
Received Import Request.
  Time since last request: 0.000239 seconds.
  path: Assets/Grandpa3D/Settings/HDRP Performant.asset
  artifactKey: Guid(168a2336534e4e043b2a210b6f8d379a) Importer(2089858483,0ecaa5967403d082aa24f35e1b516d23)
Start importing Assets/Grandpa3D/Settings/HDRP Performant.asset using Guid(168a2336534e4e043b2a210b6f8d379a) Importer(2089858483,0ecaa5967403d082aa24f35e1b516d23) [PhysX] Initialized MultithreadedTaskDispatcher with 16 workers.
 -> (artifact id: '2e4e91b5c01be40c92174e0b64a85ec5') in 0.033939 seconds
Number of updated asset objects reloaded before import = 0
Number of asset objects unloaded after import = 1
========================================================================
Received Import Request.
  Time since last request: 0.000118 seconds.
  path: Assets/Grandpa3D/Settings/HDRPDefaultResources/DefaultSettingsVolumeProfile.asset
  artifactKey: Guid(14b392ee213d25a48b1feddbd9f5a9be) Importer(2089858483,0ecaa5967403d082aa24f35e1b516d23)
Start importing Assets/Grandpa3D/Settings/HDRPDefaultResources/DefaultSettingsVolumeProfile.asset using Guid(14b392ee213d25a48b1feddbd9f5a9be) Importer(2089858483,0ecaa5967403d082aa24f35e1b516d23) [PhysX] Initialized MultithreadedTaskDispatcher with 16 workers.
 -> (artifact id: '82064d4ebd49562a4a3c46bc6a8f4056') in 0.006918 seconds
Number of updated asset objects reloaded before import = 0
Number of asset objects unloaded after import = 1
========================================================================
Received Import Request.
  Time since last request: 0.000402 seconds.
  path: Assets/Grandpa3D/Shaders/Outline.mat
  artifactKey: Guid(1989bbad96f96f34c9fc91c75d0816c6) Importer(2089858483,0ecaa5967403d082aa24f35e1b516d23)
Start importing Assets/Grandpa3D/Shaders/Outline.mat using Guid(1989bbad96f96f34c9fc91c75d0816c6) Importer(2089858483,0ecaa5967403d082aa24f35e1b516d23) [PhysX] Initialized MultithreadedTaskDispatcher with 16 workers.
 -> (artifact id: 'e055860beaf60b26d4594c30118ee597') in 0.005228 seconds
Number of updated asset objects reloaded before import = 0
Number of asset objects unloaded after import = 2
========================================================================
Received Import Request.
  Time since last request: 0.000347 seconds.
  path: Assets/Grandpa3D/Shaders/ASE/Functions/Alternating Colors.asset
  artifactKey: Guid(237c535896ea78946842b3a23543cc79) Importer(2089858483,0ecaa5967403d082aa24f35e1b516d23)
Start importing Assets/Grandpa3D/Shaders/ASE/Functions/Alternating Colors.asset using Guid(237c535896ea78946842b3a23543cc79) Importer(2089858483,0ecaa5967403d082aa24f35e1b516d23) [PhysX] Initialized MultithreadedTaskDispatcher with 16 workers.
 -> (artifact id: '75905818160a8f3b04179ef735368532') in 0.003722 seconds
Number of updated asset objects reloaded before import = 0
Number of asset objects unloaded after import = 1
========================================================================
Received Import Request.
  Time since last request: 0.000177 seconds.
  path: Assets/Grandpa3D/Shaders/ASE/Terrain Alternating Colors Indexed Unlit.mat
  artifactKey: Guid(c83e481a32bde784ea565164522b17fa) Importer(2089858483,0ecaa5967403d082aa24f35e1b516d23)
Start importing Assets/Grandpa3D/Shaders/ASE/Terrain Alternating Colors Indexed Unlit.mat using Guid(c83e481a32bde784ea565164522b17fa) Importer(2089858483,0ecaa5967403d082aa24f35e1b516d23) [PhysX] Initialized MultithreadedTaskDispatcher with 16 workers.
 -> (artifact id: '03035d5c0f3f7c73188c091930ee3109') in 0.036360 seconds
Number of updated asset objects reloaded before import = 0
Number of asset objects unloaded after import = 1
========================================================================
Received Import Request.
  Time since last request: 0.000191 seconds.
  path: Assets/Grandpa3D/Shaders/ASE/Functions/Indexed Alternating Colors.asset
  artifactKey: Guid(1671264aa6944194aa0edd0bd6b3f0c5) Importer(2089858483,0ecaa5967403d082aa24f35e1b516d23)
Start importing Assets/Grandpa3D/Shaders/ASE/Functions/Indexed Alternating Colors.asset using Guid(1671264aa6944194aa0edd0bd6b3f0c5) Importer(2089858483,0ecaa5967403d082aa24f35e1b516d23) [PhysX] Initialized MultithreadedTaskDispatcher with 16 workers.
 -> (artifact id: 'ab9fc6ac3c38bd4a1df439774c3553c3') in 0.005442 seconds
Number of updated asset objects reloaded before import = 0
Number of asset objects unloaded after import = 1
========================================================================
Received Import Request.
  Time since last request: 0.000188 seconds.
  path: Assets/Grandpa3D/Terrains/New Terrain.asset
  artifactKey: Guid(ab94642fa4142f74f94cf44ff57a636f) Importer(2089858483,0ecaa5967403d082aa24f35e1b516d23)
Start importing Assets/Grandpa3D/Terrains/New Terrain.asset using Guid(ab94642fa4142f74f94cf44ff57a636f) Importer(2089858483,0ecaa5967403d082aa24f35e1b516d23) [PhysX] Initialized MultithreadedTaskDispatcher with 16 workers.
 -> (artifact id: '97add0d37ad76a2c373aaef045810c1d') in 0.133681 seconds
Number of updated asset objects reloaded before import = 0
Number of asset objects unloaded after import = 2
Editor requested this worker to shutdown with reason: Scaling down because of idle timeout
TcpMessagingSession - receive error: operation aborted. errorcode: 995, details: The I/O operation has been aborted because of either a thread exit or an application request.
AssetImportWorker is now disconnected from the server
Process exiting
Exiting without the bug reporter. Application will terminate with return code 0